<?xml version="1.0" encoding="UTF-8"?>
<!-- Generated by org.testng.reporters.JUnitXMLReporter -->
<testsuite hostname="DESKTOP-PCN7RIL" ignored="0" name="Test" tests="4" failures="0" timestamp="2021-09-25T06:50:35 PDT" time="0.17" errors="0">
  <testcase name="appsIOS" time="0.023" classname="qaclickacademy.AppiumTest"/>
  <testcase name="nativeAppAndroid" time="0.003" classname="qaclickacademy.AppiumTest"/>
  <testcase name="browserAutomation" time="0.003" classname="qaclickacademy.SeleniumTest"/>
  <testcase name="elementsUI" time="0.003" classname="qaclickacademy.SeleniumTest"/>
</testsuite> <!-- Test -->
