<?xml version="1.0" encoding="UTF-8"?>
<testng-results skipped="0" failed="0" ignored="0" total="4" passed="4">
  <reporter-output>
  </reporter-output>
  <suite name="Suite" duration-ms="170" started-at="2021-09-25T06:50:35 PDT" finished-at="2021-09-25T06:50:35 PDT">
    <groups>
    </groups>
    <test name="Test" duration-ms="170" started-at="2021-09-25T06:50:35 PDT" finished-at="2021-09-25T06:50:35 PDT">
      <class name="qaclickacademy.AppiumTest">
        <test-method status="PASS" signature="appsIOS()[pri:0, instance:qaclickacademy.AppiumTest@2353b3e6]" name="appsIOS" duration-ms="23" started-at="2021-09-25T06:50:35 PDT" finished-at="2021-09-25T06:50:35 PDT">
          <reporter-output>
          </reporter-output>
        </test-method> <!-- appsIOS -->
        <test-method status="PASS" signature="nativeAppAndroid()[pri:0, instance:qaclickacademy.AppiumTest@2353b3e6]" name="nativeAppAndroid" duration-ms="3" started-at="2021-09-25T06:50:35 PDT" finished-at="2021-09-25T06:50:35 PDT">
          <reporter-output>
          </reporter-output>
        </test-method> <!-- nativeAppAndroid -->
      </class> <!-- qaclickacademy.AppiumTest -->
      <class name="qaclickacademy.SeleniumTest">
        <test-method status="PASS" signature="browserAutomation()[pri:0, instance:qaclickacademy.SeleniumTest@3e57cd70]" name="browserAutomation" duration-ms="3" started-at="2021-09-25T06:50:35 PDT" finished-at="2021-09-25T06:50:35 PDT">
          <reporter-output>
          </reporter-output>
        </test-method> <!-- browserAutomation -->
        <test-method status="PASS" signature="elementsUI()[pri:0, instance:qaclickacademy.SeleniumTest@3e57cd70]" name="elementsUI" duration-ms="3" started-at="2021-09-25T06:50:35 PDT" finished-at="2021-09-25T06:50:35 PDT">
          <reporter-output>
          </reporter-output>
        </test-method> <!-- elementsUI -->
      </class> <!-- qaclickacademy.SeleniumTest -->
    </test> <!-- Test -->
  </suite> <!-- Suite -->
</testng-results>
